九阵科技-超级用户 2021-05-28 10:59:50:398
没有消息推送对象!

九阵科技-超级用户 2021-05-28 10:59:50:616
没有消息推送对象!

九阵科技-超级用户 2021-05-28 10:59:50:700
没有消息推送对象!

九阵科技-超级用户 2021-05-28 10:59:50:714
没有消息推送对象!

九阵科技-超级用户 2021-05-28 10:59:50:859
没有消息推送对象!

九阵科技-超级用户 2021-05-28 10:59:50:980
没有消息推送对象!

九阵科技-超级用户 2021-05-28 10:59:51:024
没有消息推送对象!

- 2021-05-28 13:52:55:549
操作异常：Exception->服务异常：ORA-12516: TNS: 监听程序找不到符合协议堆栈要求的可用处理程序


- 2021-05-28 13:56:00:175
操作异常：Exception->服务异常：ORA-12516: TNS: 监听程序找不到符合协议堆栈要求的可用处理程序


- 2021-05-28 14:05:41:856
操作异常：Exception->服务异常：ORA-12516: TNS: 监听程序找不到符合协议堆栈要求的可用处理程序


- 2021-05-28 14:07:32:102
操作异常：Exception->服务异常：ORA-12516: TNS: 监听程序找不到符合协议堆栈要求的可用处理程序


- 2021-05-28 14:16:45:798
操作异常：Exception->服务异常：ORA-12516: TNS: 监听程序找不到符合协议堆栈要求的可用处理程序


九阵科技-超级用户 2021-05-28 14:23:12:012
消息推送失败：ORA-03113: 通信通道的文件结尾
进程 ID: 7880
会话 ID: 277 序列号: 8035


