九阵科技-超级用户 2021-05-31 09:27:45:635
============================异常消息0============================
【异常时间】：2021-05-31 09:27:45
【异常类型】：Exception
【异常信息】：ORA-00900: 无效 SQL 语句

================================================================


九阵科技-超级用户 2021-05-31 09:59:17:458
============================异常消息0============================
【异常时间】：2021-05-31 09:59:17
【异常类型】：Exception
【异常信息】：ORA-00900: 无效 SQL 语句

================================================================


九阵科技-超级用户 2021-05-31 10:21:56:789
============================异常消息0============================
【异常时间】：2021-05-31 10:21:56
【异常类型】：Exception
【异常信息】：ORA-00900: 无效 SQL 语句

================================================================


九阵科技-超级用户 2021-05-31 10:49:57:935
============================异常消息0============================
【异常时间】：2021-05-31 10:49:57
【异常类型】：Exception
【异常信息】：ORA-00900: 无效 SQL 语句

================================================================


九阵科技-超级用户 2021-05-31 10:50:08:217
============================异常消息0============================
【异常时间】：2021-05-31 10:50:08
【异常类型】：Exception
【异常信息】：ORA-00900: 无效 SQL 语句

================================================================


九阵科技-超级用户 2021-05-31 13:48:32:077
============================异常消息0============================
【异常时间】：2021-05-31 13:48:32
【异常类型】：Exception
【异常信息】：ORA-01722: 无效数字

================================================================


