九阵科技-超级用户 2021-05-27 16:09:54:892
============================异常消息0============================
【异常时间】：2021-05-27 16:09:54
【异常类型】：Exception
【异常信息】：ORA-00900: 无效 SQL 语句

================================================================


九阵科技-超级用户 2021-05-27 16:46:38:834
============================异常消息0============================
【异常时间】：2021-05-27 16:46:38
【异常类型】：Exception
【异常信息】：ORA-00900: 无效 SQL 语句

================================================================


九阵科技-超级用户 2021-05-27 16:48:13:687
============================异常消息0============================
【异常时间】：2021-05-27 16:48:13
【异常类型】：Exception
【异常信息】：ORA-00900: 无效 SQL 语句

================================================================


九阵科技-超级用户 2021-05-27 16:56:39:293
============================异常消息0============================
【异常时间】：2021-05-27 16:56:39
【异常类型】：Exception
【异常信息】：ORA-00900: 无效 SQL 语句

================================================================


九阵科技-超级用户 2021-05-27 17:25:22:367
============================异常消息0============================
【异常时间】：2021-05-27 17:25:22
【异常类型】：CommunicationException
【异常信息】：An error occurred while sending the request.
================================================================


九阵科技-超级用户 2021-05-27 17:26:32:413
============================异常消息0============================
【异常时间】：2021-05-27 17:26:32
【异常类型】：CommunicationException
【异常信息】：An error occurred while sending the request.
================================================================


九阵科技-超级用户 2021-05-27 17:27:50:700
============================异常消息0============================
【异常时间】：2021-05-27 17:27:50
【异常类型】：Exception
【异常信息】：ORA-00900: 无效 SQL 语句

================================================================


九阵科技-超级用户 2021-05-27 17:27:53:149
============================异常消息0============================
【异常时间】：2021-05-27 17:27:53
【异常类型】：Exception
【异常信息】：ORA-00900: 无效 SQL 语句

================================================================


九阵科技-超级用户 2021-05-27 17:27:53:205
============================异常消息0============================
【异常时间】：2021-05-27 17:27:53
【异常类型】：Exception
【异常信息】：ORA-00900: 无效 SQL 语句

================================================================


九阵科技-超级用户 2021-05-27 17:27:55:925
============================异常消息0============================
【异常时间】：2021-05-27 17:27:55
【异常类型】：Exception
【异常信息】：ORA-00900: 无效 SQL 语句

================================================================


九阵科技-超级用户 2021-05-27 17:27:55:977
============================异常消息0============================
【异常时间】：2021-05-27 17:27:55
【异常类型】：Exception
【异常信息】：ORA-00900: 无效 SQL 语句

================================================================


九阵科技-超级用户 2021-05-27 17:27:56:103
============================异常消息0============================
【异常时间】：2021-05-27 17:27:56
【异常类型】：Exception
【异常信息】：ORA-00900: 无效 SQL 语句

================================================================


九阵科技-超级用户 2021-05-27 17:28:02:221
============================异常消息0============================
【异常时间】：2021-05-27 17:28:02
【异常类型】：CommunicationException
【异常信息】：An error occurred while sending the request.
================================================================


九阵科技-超级用户 2021-05-27 17:28:03:716
============================异常消息0============================
【异常时间】：2021-05-27 17:28:03
【异常类型】：Exception
【异常信息】：ORA-00900: 无效 SQL 语句

================================================================


九阵科技-超级用户 2021-05-27 17:28:03:828
============================异常消息0============================
【异常时间】：2021-05-27 17:28:03
【异常类型】：Exception
【异常信息】：ORA-00900: 无效 SQL 语句

================================================================


九阵科技-超级用户 2021-05-27 17:28:03:967
============================异常消息0============================
【异常时间】：2021-05-27 17:28:03
【异常类型】：Exception
【异常信息】：ORA-00900: 无效 SQL 语句

================================================================


九阵科技-超级用户 2021-05-27 17:28:05:594
============================异常消息0============================
【异常时间】：2021-05-27 17:28:05
【异常类型】：Exception
【异常信息】：ORA-00900: 无效 SQL 语句

================================================================


九阵科技-超级用户 2021-05-27 17:28:07:878
============================异常消息0============================
【异常时间】：2021-05-27 17:28:07
【异常类型】：Exception
【异常信息】：ORA-00900: 无效 SQL 语句

================================================================


九阵科技-超级用户 2021-05-27 17:28:07:954
============================异常消息0============================
【异常时间】：2021-05-27 17:28:07
【异常类型】：Exception
【异常信息】：ORA-00900: 无效 SQL 语句

================================================================


九阵科技-超级用户 2021-05-27 17:28:08:813
============================异常消息0============================
【异常时间】：2021-05-27 17:28:08
【异常类型】：Exception
【异常信息】：ORA-00900: 无效 SQL 语句

================================================================


九阵科技-超级用户 2021-05-27 17:28:08:941
============================异常消息0============================
【异常时间】：2021-05-27 17:28:08
【异常类型】：Exception
【异常信息】：ORA-00900: 无效 SQL 语句

================================================================


九阵科技-超级用户 2021-05-27 17:28:08:966
============================异常消息0============================
【异常时间】：2021-05-27 17:28:08
【异常类型】：Exception
【异常信息】：ORA-00900: 无效 SQL 语句

================================================================


九阵科技-超级用户 2021-05-27 17:28:09:023
============================异常消息0============================
【异常时间】：2021-05-27 17:28:09
【异常类型】：Exception
【异常信息】：ORA-00900: 无效 SQL 语句

================================================================


九阵科技-超级用户 2021-05-27 17:28:09:171
============================异常消息0============================
【异常时间】：2021-05-27 17:28:09
【异常类型】：Exception
【异常信息】：ORA-00900: 无效 SQL 语句

================================================================


九阵科技-超级用户 2021-05-27 17:28:09:337
============================异常消息0============================
【异常时间】：2021-05-27 17:28:09
【异常类型】：Exception
【异常信息】：ORA-00900: 无效 SQL 语句

================================================================


九阵科技-超级用户 2021-05-27 17:28:09:423
============================异常消息0============================
【异常时间】：2021-05-27 17:28:09
【异常类型】：Exception
【异常信息】：ORA-00900: 无效 SQL 语句

================================================================


九阵科技-超级用户 2021-05-27 17:28:09:480
============================异常消息0============================
【异常时间】：2021-05-27 17:28:09
【异常类型】：Exception
【异常信息】：ORA-00900: 无效 SQL 语句

================================================================


九阵科技-超级用户 2021-05-27 17:28:09:511
============================异常消息0============================
【异常时间】：2021-05-27 17:28:09
【异常类型】：Exception
【异常信息】：ORA-00900: 无效 SQL 语句

================================================================


九阵科技-超级用户 2021-05-27 17:28:09:523
============================异常消息0============================
【异常时间】：2021-05-27 17:28:09
【异常类型】：Exception
【异常信息】：ORA-00900: 无效 SQL 语句

================================================================


九阵科技-超级用户 2021-05-27 17:28:10:270
============================异常消息0============================
【异常时间】：2021-05-27 17:28:10
【异常类型】：Exception
【异常信息】：ORA-00900: 无效 SQL 语句

================================================================


九阵科技-超级用户 2021-05-27 17:28:12:245
============================异常消息0============================
【异常时间】：2021-05-27 17:28:12
【异常类型】：Exception
【异常信息】：ORA-00900: 无效 SQL 语句

================================================================


九阵科技-超级用户 2021-05-27 17:28:14:236
============================异常消息0============================
【异常时间】：2021-05-27 17:28:14
【异常类型】：Exception
【异常信息】：ORA-00900: 无效 SQL 语句

================================================================


九阵科技-超级用户 2021-05-27 17:28:16:262
============================异常消息0============================
【异常时间】：2021-05-27 17:28:16
【异常类型】：Exception
【异常信息】：ORA-00900: 无效 SQL 语句

================================================================


九阵科技-超级用户 2021-05-27 17:28:18:248
============================异常消息0============================
【异常时间】：2021-05-27 17:28:18
【异常类型】：Exception
【异常信息】：ORA-00900: 无效 SQL 语句

================================================================


九阵科技-超级用户 2021-05-27 17:28:20:245
============================异常消息0============================
【异常时间】：2021-05-27 17:28:20
【异常类型】：Exception
【异常信息】：ORA-00900: 无效 SQL 语句

================================================================


九阵科技-超级用户 2021-05-27 17:28:22:244
============================异常消息0============================
【异常时间】：2021-05-27 17:28:22
【异常类型】：Exception
【异常信息】：ORA-00900: 无效 SQL 语句

================================================================


九阵科技-超级用户 2021-05-27 17:28:24:237
============================异常消息0============================
【异常时间】：2021-05-27 17:28:24
【异常类型】：Exception
【异常信息】：ORA-00900: 无效 SQL 语句

================================================================


九阵科技-超级用户 2021-05-27 17:28:26:244
============================异常消息0============================
【异常时间】：2021-05-27 17:28:26
【异常类型】：Exception
【异常信息】：ORA-00900: 无效 SQL 语句

================================================================


九阵科技-超级用户 2021-05-27 17:28:28:233
============================异常消息0============================
【异常时间】：2021-05-27 17:28:28
【异常类型】：Exception
【异常信息】：ORA-00900: 无效 SQL 语句

================================================================


九阵科技-超级用户 2021-05-27 17:28:30:236
============================异常消息0============================
【异常时间】：2021-05-27 17:28:30
【异常类型】：Exception
【异常信息】：ORA-00900: 无效 SQL 语句

================================================================


九阵科技-超级用户 2021-05-27 17:28:32:242
============================异常消息0============================
【异常时间】：2021-05-27 17:28:32
【异常类型】：Exception
【异常信息】：ORA-00900: 无效 SQL 语句

================================================================


九阵科技-超级用户 2021-05-27 17:28:34:259
============================异常消息0============================
【异常时间】：2021-05-27 17:28:34
【异常类型】：Exception
【异常信息】：ORA-00900: 无效 SQL 语句

================================================================


九阵科技-超级用户 2021-05-27 17:28:36:261
============================异常消息0============================
【异常时间】：2021-05-27 17:28:36
【异常类型】：Exception
【异常信息】：ORA-00900: 无效 SQL 语句

================================================================


九阵科技-超级用户 2021-05-27 17:28:38:237
============================异常消息0============================
【异常时间】：2021-05-27 17:28:38
【异常类型】：Exception
【异常信息】：ORA-00900: 无效 SQL 语句

================================================================


九阵科技-超级用户 2021-05-27 17:28:40:239
============================异常消息0============================
【异常时间】：2021-05-27 17:28:40
【异常类型】：Exception
【异常信息】：ORA-00900: 无效 SQL 语句

================================================================


九阵科技-超级用户 2021-05-27 17:28:42:229
============================异常消息0============================
【异常时间】：2021-05-27 17:28:42
【异常类型】：Exception
【异常信息】：ORA-00900: 无效 SQL 语句

================================================================


九阵科技-超级用户 2021-05-27 17:28:44:238
============================异常消息0============================
【异常时间】：2021-05-27 17:28:44
【异常类型】：Exception
【异常信息】：ORA-00900: 无效 SQL 语句

================================================================


九阵科技-超级用户 2021-05-27 17:28:46:249
============================异常消息0============================
【异常时间】：2021-05-27 17:28:46
【异常类型】：Exception
【异常信息】：ORA-00900: 无效 SQL 语句

================================================================


九阵科技-超级用户 2021-05-27 17:28:48:240
============================异常消息0============================
【异常时间】：2021-05-27 17:28:48
【异常类型】：Exception
【异常信息】：ORA-00900: 无效 SQL 语句

================================================================


九阵科技-超级用户 2021-05-27 17:28:50:254
============================异常消息0============================
【异常时间】：2021-05-27 17:28:50
【异常类型】：Exception
【异常信息】：ORA-00900: 无效 SQL 语句

================================================================


九阵科技-超级用户 2021-05-27 17:28:52:260
============================异常消息0============================
【异常时间】：2021-05-27 17:28:52
【异常类型】：Exception
【异常信息】：ORA-00900: 无效 SQL 语句

================================================================


九阵科技-超级用户 2021-05-27 17:28:54:245
============================异常消息0============================
【异常时间】：2021-05-27 17:28:54
【异常类型】：Exception
【异常信息】：ORA-00900: 无效 SQL 语句

================================================================


九阵科技-超级用户 2021-05-27 17:28:56:242
============================异常消息0============================
【异常时间】：2021-05-27 17:28:56
【异常类型】：Exception
【异常信息】：ORA-00900: 无效 SQL 语句

================================================================


九阵科技-超级用户 2021-05-27 17:28:58:242
============================异常消息0============================
【异常时间】：2021-05-27 17:28:58
【异常类型】：Exception
【异常信息】：ORA-00900: 无效 SQL 语句

================================================================


九阵科技-超级用户 2021-05-27 17:29:00:236
============================异常消息0============================
【异常时间】：2021-05-27 17:29:00
【异常类型】：Exception
【异常信息】：ORA-00900: 无效 SQL 语句

================================================================


九阵科技-超级用户 2021-05-27 17:29:02:242
============================异常消息0============================
【异常时间】：2021-05-27 17:29:02
【异常类型】：Exception
【异常信息】：ORA-00900: 无效 SQL 语句

================================================================


九阵科技-超级用户 2021-05-27 17:29:04:249
============================异常消息0============================
【异常时间】：2021-05-27 17:29:04
【异常类型】：Exception
【异常信息】：ORA-00900: 无效 SQL 语句

================================================================


九阵科技-超级用户 2021-05-27 17:29:06:240
============================异常消息0============================
【异常时间】：2021-05-27 17:29:06
【异常类型】：Exception
【异常信息】：ORA-00900: 无效 SQL 语句

================================================================


九阵科技-超级用户 2021-05-27 17:29:08:244
============================异常消息0============================
【异常时间】：2021-05-27 17:29:08
【异常类型】：Exception
【异常信息】：ORA-00900: 无效 SQL 语句

================================================================


九阵科技-超级用户 2021-05-27 17:29:10:248
============================异常消息0============================
【异常时间】：2021-05-27 17:29:10
【异常类型】：Exception
【异常信息】：ORA-00900: 无效 SQL 语句

================================================================


九阵科技-超级用户 2021-05-27 17:29:12:239
============================异常消息0============================
【异常时间】：2021-05-27 17:29:12
【异常类型】：Exception
【异常信息】：ORA-00900: 无效 SQL 语句

================================================================


九阵科技-超级用户 2021-05-27 17:29:14:242
============================异常消息0============================
【异常时间】：2021-05-27 17:29:14
【异常类型】：Exception
【异常信息】：ORA-00900: 无效 SQL 语句

================================================================


九阵科技-超级用户 2021-05-27 17:29:16:249
============================异常消息0============================
【异常时间】：2021-05-27 17:29:16
【异常类型】：Exception
【异常信息】：ORA-00900: 无效 SQL 语句

================================================================


九阵科技-超级用户 2021-05-27 17:29:18:242
============================异常消息0============================
【异常时间】：2021-05-27 17:29:18
【异常类型】：Exception
【异常信息】：ORA-00900: 无效 SQL 语句

================================================================


九阵科技-超级用户 2021-05-27 17:29:20:239
============================异常消息0============================
【异常时间】：2021-05-27 17:29:20
【异常类型】：Exception
【异常信息】：ORA-00900: 无效 SQL 语句

================================================================


九阵科技-超级用户 2021-05-27 17:29:22:240
============================异常消息0============================
【异常时间】：2021-05-27 17:29:22
【异常类型】：Exception
【异常信息】：ORA-00900: 无效 SQL 语句

================================================================


九阵科技-超级用户 2021-05-27 17:29:24:241
============================异常消息0============================
【异常时间】：2021-05-27 17:29:24
【异常类型】：Exception
【异常信息】：ORA-00900: 无效 SQL 语句

================================================================


九阵科技-超级用户 2021-05-27 17:29:26:260
============================异常消息0============================
【异常时间】：2021-05-27 17:29:26
【异常类型】：Exception
【异常信息】：ORA-00900: 无效 SQL 语句

================================================================


九阵科技-超级用户 2021-05-27 17:29:28:235
============================异常消息0============================
【异常时间】：2021-05-27 17:29:28
【异常类型】：Exception
【异常信息】：ORA-00900: 无效 SQL 语句

================================================================


九阵科技-超级用户 2021-05-27 17:29:30:239
============================异常消息0============================
【异常时间】：2021-05-27 17:29:30
【异常类型】：Exception
【异常信息】：ORA-00900: 无效 SQL 语句

================================================================


九阵科技-超级用户 2021-05-27 17:29:32:243
============================异常消息0============================
【异常时间】：2021-05-27 17:29:32
【异常类型】：Exception
【异常信息】：ORA-00900: 无效 SQL 语句

================================================================


九阵科技-超级用户 2021-05-27 17:29:34:268
============================异常消息0============================
【异常时间】：2021-05-27 17:29:34
【异常类型】：Exception
【异常信息】：ORA-00900: 无效 SQL 语句

================================================================


九阵科技-超级用户 2021-05-27 17:29:36:250
============================异常消息0============================
【异常时间】：2021-05-27 17:29:36
【异常类型】：Exception
【异常信息】：ORA-00900: 无效 SQL 语句

================================================================


九阵科技-超级用户 2021-05-27 17:29:38:242
============================异常消息0============================
【异常时间】：2021-05-27 17:29:38
【异常类型】：Exception
【异常信息】：ORA-00900: 无效 SQL 语句

================================================================


九阵科技-超级用户 2021-05-27 17:29:40:244
============================异常消息0============================
【异常时间】：2021-05-27 17:29:40
【异常类型】：Exception
【异常信息】：ORA-00900: 无效 SQL 语句

================================================================


九阵科技-超级用户 2021-05-27 17:29:42:237
============================异常消息0============================
【异常时间】：2021-05-27 17:29:42
【异常类型】：Exception
【异常信息】：ORA-00900: 无效 SQL 语句

================================================================


九阵科技-超级用户 2021-05-27 17:29:44:241
============================异常消息0============================
【异常时间】：2021-05-27 17:29:44
【异常类型】：Exception
【异常信息】：ORA-00900: 无效 SQL 语句

================================================================


九阵科技-超级用户 2021-05-27 17:29:46:242
============================异常消息0============================
【异常时间】：2021-05-27 17:29:46
【异常类型】：Exception
【异常信息】：ORA-00900: 无效 SQL 语句

================================================================


九阵科技-超级用户 2021-05-27 17:29:48:241
============================异常消息0============================
【异常时间】：2021-05-27 17:29:48
【异常类型】：Exception
【异常信息】：ORA-00900: 无效 SQL 语句

================================================================


九阵科技-超级用户 2021-05-27 17:29:50:255
============================异常消息0============================
【异常时间】：2021-05-27 17:29:50
【异常类型】：Exception
【异常信息】：ORA-00900: 无效 SQL 语句

================================================================


九阵科技-超级用户 2021-05-27 17:29:52:230
============================异常消息0============================
【异常时间】：2021-05-27 17:29:52
【异常类型】：Exception
【异常信息】：ORA-00900: 无效 SQL 语句

================================================================


九阵科技-超级用户 2021-05-27 17:29:54:242
============================异常消息0============================
【异常时间】：2021-05-27 17:29:54
【异常类型】：Exception
【异常信息】：ORA-00900: 无效 SQL 语句

================================================================


九阵科技-超级用户 2021-05-27 17:29:56:245
============================异常消息0============================
【异常时间】：2021-05-27 17:29:56
【异常类型】：Exception
【异常信息】：ORA-00900: 无效 SQL 语句

================================================================


九阵科技-超级用户 2021-05-27 17:29:58:237
============================异常消息0============================
【异常时间】：2021-05-27 17:29:58
【异常类型】：Exception
【异常信息】：ORA-00900: 无效 SQL 语句

================================================================


九阵科技-超级用户 2021-05-27 17:30:00:245
============================异常消息0============================
【异常时间】：2021-05-27 17:30:00
【异常类型】：Exception
【异常信息】：ORA-00900: 无效 SQL 语句

================================================================


九阵科技-超级用户 2021-05-27 17:30:02:253
============================异常消息0============================
【异常时间】：2021-05-27 17:30:02
【异常类型】：Exception
【异常信息】：ORA-00900: 无效 SQL 语句

================================================================


九阵科技-超级用户 2021-05-27 17:30:04:290
============================异常消息0============================
【异常时间】：2021-05-27 17:30:04
【异常类型】：Exception
【异常信息】：ORA-00900: 无效 SQL 语句

================================================================


九阵科技-超级用户 2021-05-27 17:30:06:243
============================异常消息0============================
【异常时间】：2021-05-27 17:30:06
【异常类型】：Exception
【异常信息】：ORA-00900: 无效 SQL 语句

================================================================


九阵科技-超级用户 2021-05-27 17:30:08:242
============================异常消息0============================
【异常时间】：2021-05-27 17:30:08
【异常类型】：Exception
【异常信息】：ORA-00900: 无效 SQL 语句

================================================================


九阵科技-超级用户 2021-05-27 17:30:10:233
============================异常消息0============================
【异常时间】：2021-05-27 17:30:10
【异常类型】：Exception
【异常信息】：ORA-00900: 无效 SQL 语句

================================================================


九阵科技-超级用户 2021-05-27 17:30:12:230
============================异常消息0============================
【异常时间】：2021-05-27 17:30:12
【异常类型】：Exception
【异常信息】：ORA-00900: 无效 SQL 语句

================================================================


九阵科技-超级用户 2021-05-27 17:30:14:239
============================异常消息0============================
【异常时间】：2021-05-27 17:30:14
【异常类型】：Exception
【异常信息】：ORA-00900: 无效 SQL 语句

================================================================


九阵科技-超级用户 2021-05-27 17:30:16:249
============================异常消息0============================
【异常时间】：2021-05-27 17:30:16
【异常类型】：Exception
【异常信息】：ORA-00900: 无效 SQL 语句

================================================================


九阵科技-超级用户 2021-05-27 17:30:18:245
============================异常消息0============================
【异常时间】：2021-05-27 17:30:18
【异常类型】：Exception
【异常信息】：ORA-00900: 无效 SQL 语句

================================================================


九阵科技-超级用户 2021-05-27 17:30:20:235
============================异常消息0============================
【异常时间】：2021-05-27 17:30:20
【异常类型】：Exception
【异常信息】：ORA-00900: 无效 SQL 语句

================================================================


九阵科技-超级用户 2021-05-27 17:30:22:236
============================异常消息0============================
【异常时间】：2021-05-27 17:30:22
【异常类型】：Exception
【异常信息】：ORA-00900: 无效 SQL 语句

================================================================


九阵科技-超级用户 2021-05-27 17:30:24:320
============================异常消息0============================
【异常时间】：2021-05-27 17:30:24
【异常类型】：Exception
【异常信息】：ORA-00900: 无效 SQL 语句

================================================================


九阵科技-超级用户 2021-05-27 17:30:26:265
============================异常消息0============================
【异常时间】：2021-05-27 17:30:26
【异常类型】：Exception
【异常信息】：ORA-00900: 无效 SQL 语句

================================================================


九阵科技-超级用户 2021-05-27 17:30:28:249
============================异常消息0============================
【异常时间】：2021-05-27 17:30:28
【异常类型】：Exception
【异常信息】：ORA-00900: 无效 SQL 语句

================================================================


九阵科技-超级用户 2021-05-27 17:30:30:241
============================异常消息0============================
【异常时间】：2021-05-27 17:30:30
【异常类型】：Exception
【异常信息】：ORA-00900: 无效 SQL 语句

================================================================


九阵科技-超级用户 2021-05-27 17:30:32:253
============================异常消息0============================
【异常时间】：2021-05-27 17:30:32
【异常类型】：Exception
【异常信息】：ORA-00900: 无效 SQL 语句

================================================================


九阵科技-超级用户 2021-05-27 17:30:34:235
============================异常消息0============================
【异常时间】：2021-05-27 17:30:34
【异常类型】：Exception
【异常信息】：ORA-00900: 无效 SQL 语句

================================================================


九阵科技-超级用户 2021-05-27 17:30:36:244
============================异常消息0============================
【异常时间】：2021-05-27 17:30:36
【异常类型】：Exception
【异常信息】：ORA-00900: 无效 SQL 语句

================================================================


九阵科技-超级用户 2021-05-27 17:30:38:243
============================异常消息0============================
【异常时间】：2021-05-27 17:30:38
【异常类型】：Exception
【异常信息】：ORA-00900: 无效 SQL 语句

================================================================


九阵科技-超级用户 2021-05-27 17:30:40:250
============================异常消息0============================
【异常时间】：2021-05-27 17:30:40
【异常类型】：Exception
【异常信息】：ORA-00900: 无效 SQL 语句

================================================================


九阵科技-超级用户 2021-05-27 17:30:42:245
============================异常消息0============================
【异常时间】：2021-05-27 17:30:42
【异常类型】：Exception
【异常信息】：ORA-00900: 无效 SQL 语句

================================================================


九阵科技-超级用户 2021-05-27 17:30:44:246
============================异常消息0============================
【异常时间】：2021-05-27 17:30:44
【异常类型】：Exception
【异常信息】：ORA-00900: 无效 SQL 语句

================================================================


九阵科技-超级用户 2021-05-27 17:34:18:386
============================异常消息0============================
【异常时间】：2021-05-27 17:34:18
【异常类型】：Exception
【异常信息】：ORA-00900: 无效 SQL 语句

================================================================


九阵科技-超级用户 2021-05-27 17:40:20:080
============================异常消息0============================
【异常时间】：2021-05-27 17:40:20
【异常类型】：Exception
【异常信息】：ORA-00900: 无效 SQL 语句

================================================================


九阵科技-超级用户 2021-05-27 17:42:29:417
============================异常消息0============================
【异常时间】：2021-05-27 17:42:29
【异常类型】：Exception
【异常信息】：ORA-00900: 无效 SQL 语句

================================================================


