九阵科技-超级用户 2021-05-28 13:49:38:588
============================异常消息0============================
【异常时间】：2021-05-28 13:49:38
【异常类型】：Exception
【异常信息】：ORA-00900: 无效 SQL 语句

================================================================


九阵科技-超级用户 2021-05-28 14:23:11:999
============================异常消息0============================
【异常时间】：2021-05-28 14:23:11
【异常类型】：Exception
【异常信息】：ORA-03113: 通信通道的文件结尾
进程 ID: 7880
会话 ID: 277 序列号: 8035

================================================================


九阵科技-超级用户 2021-05-28 14:23:12:425
============================异常消息0============================
【异常时间】：2021-05-28 14:23:12
【异常类型】：Exception
【异常信息】：ORA-12528: TNS: 监听程序: 所有适用例程都无法建立新连接

================================================================


九阵科技-超级用户 2021-05-28 14:24:31:557
============================异常消息0============================
【异常时间】：2021-05-28 14:24:31
【异常类型】：Exception
【异常信息】：ORA-12514: TNS: 监听程序当前无法识别连接描述符中请求的服务

================================================================


九阵科技-超级用户 2021-05-28 14:37:54:679
============================异常消息0============================
【异常时间】：2021-05-28 14:37:54
【异常类型】：Exception
【异常信息】：ORA-00900: 无效 SQL 语句

================================================================


九阵科技-超级用户 2021-05-28 14:39:30:092
============================异常消息0============================
【异常时间】：2021-05-28 14:39:30
【异常类型】：Exception
【异常信息】：ORA-00900: 无效 SQL 语句

================================================================


九阵科技-超级用户 2021-05-28 17:14:52:197
============================异常消息0============================
【异常时间】：2021-05-28 17:14:52
【异常类型】：Exception
【异常信息】：ORA-01861: 文字与格式字符串不匹配

================================================================


